c:\users\hp\source\repos\zalaalat2\zalaalat2\debug\vc142.pdb
c:\users\hp\source\repos\zalaalat2\zalaalat2\debug\vc142.idb
c:\users\hp\source\repos\zalaalat2\zalaalat2\debug\user.obj
c:\users\hp\source\repos\zalaalat2\zalaalat2\debug\savingatm.obj
c:\users\hp\source\repos\zalaalat2\zalaalat2\debug\main.obj
c:\users\hp\source\repos\zalaalat2\zalaalat2\debug\cmplxatm.obj
c:\users\hp\source\repos\zalaalat2\zalaalat2\debug\checkatm.obj
c:\users\hp\source\repos\zalaalat2\zalaalat2\debug\card.obj
c:\users\hp\source\repos\zalaalat2\zalaalat2\debug\basicatm.obj
c:\users\hp\source\repos\zalaalat2\zalaalat2\debug\bankaccount.obj
c:\users\hp\source\repos\zalaalat2\zalaalat2\debug\atm.obj
c:\users\hp\source\repos\zalaalat2\debug\zalaalat2.exe
c:\users\hp\source\repos\zalaalat2\debug\zalaalat2.ilk
c:\users\hp\source\repos\zalaalat2\debug\zalaalat2.pdb
c:\users\hp\source\repos\zalaalat2\zalaalat2\debug\zalaalat2.tlog\cl.command.1.tlog
c:\users\hp\source\repos\zalaalat2\zalaalat2\debug\zalaalat2.tlog\cl.read.1.tlog
c:\users\hp\source\repos\zalaalat2\zalaalat2\debug\zalaalat2.tlog\cl.write.1.tlog
c:\users\hp\source\repos\zalaalat2\zalaalat2\debug\zalaalat2.tlog\link.command.1.tlog
c:\users\hp\source\repos\zalaalat2\zalaalat2\debug\zalaalat2.tlog\link.read.1.tlog
c:\users\hp\source\repos\zalaalat2\zalaalat2\debug\zalaalat2.tlog\link.write.1.tlog
